-------------------------------------------------------------------------------
Test set: fr.ufrsciencestech.controller.ControleurTest
-------------------------------------------------------------------------------
Tests run: 4, Failures: 0, Errors: 4, Skipped: 0, Time elapsed: 0.054 s <<< FAILURE! - in fr.ufrsciencestech.controller.ControleurTest
testAdd(fr.ufrsciencestech.controller.ControleurTest)  Time elapsed: 0.037 s  <<< ERROR!
java.lang.ExceptionInInitializerError
	at fr.ufrsciencestech.controller.ControleurTest.setUp(ControleurTest.java:30)
Caused by: java.lang.reflect.InaccessibleObjectException: Unable to make protected final java.lang.Class java.lang.ClassLoader.defineClass(java.lang.String,byte[],int,int,java.security.ProtectionDomain) throws java.lang.ClassFormatError accessible: module java.base does not "opens java.lang" to unnamed module @2a35e31d
	at fr.ufrsciencestech.controller.ControleurTest.setUp(ControleurTest.java:30)

testDel(fr.ufrsciencestech.controller.ControleurTest)  Time elapsed: 0 s  <<< ERROR!
java.lang.NoClassDefFoundError: Could not initialize class org.mockito.internal.creation.jmock.ClassImposterizer$3
	at fr.ufrsciencestech.controller.ControleurTest.setUp(ControleurTest.java:30)
Caused by: java.lang.ExceptionInInitializerError: Exception java.lang.ExceptionInInitializerError [in thread "main"]
	at fr.ufrsciencestech.controller.ControleurTest.setUp(ControleurTest.java:30)

testBoycotte(fr.ufrsciencestech.controller.ControleurTest)  Time elapsed: 0 s  <<< ERROR!
java.lang.NoClassDefFoundError: Could not initialize class org.mockito.internal.creation.jmock.ClassImposterizer$3
	at fr.ufrsciencestech.controller.ControleurTest.setUp(ControleurTest.java:30)
Caused by: java.lang.ExceptionInInitializerError: Exception java.lang.ExceptionInInitializerError [in thread "main"]
	at fr.ufrsciencestech.controller.ControleurTest.setUp(ControleurTest.java:30)

testClear(fr.ufrsciencestech.controller.ControleurTest)  Time elapsed: 0 s  <<< ERROR!
java.lang.NoClassDefFoundError: Could not initialize class org.mockito.internal.creation.jmock.ClassImposterizer$3
	at fr.ufrsciencestech.controller.ControleurTest.setUp(ControleurTest.java:30)
Caused by: java.lang.ExceptionInInitializerError: Exception java.lang.ExceptionInInitializerError [in thread "main"]
	at fr.ufrsciencestech.controller.ControleurTest.setUp(ControleurTest.java:30)

