-------------------------------------------------------------------------------
Test set: fr.ufrsciencestech.view.SpecialBasketDlgTest
-------------------------------------------------------------------------------
Tests run: 4, Failures: 0, Errors: 4, Skipped: 0, Time elapsed: 0.019 s <<< FAILURE! - in fr.ufrsciencestech.view.SpecialBasketDlgTest
testRadioSelection(fr.ufrsciencestech.view.SpecialBasketDlgTest)  Time elapsed: 0.004 s  <<< ERROR!
java.lang.Error: 
Unresolved compilation problem: 
	References to interface static methods are allowed only at source level 1.8 or above

	at fr.ufrsciencestech.view.SpecialBasketDlgTest.setUp(SpecialBasketDlgTest.java:31)

testRadioSelection(fr.ufrsciencestech.view.SpecialBasketDlgTest)  Time elapsed: 0.004 s  <<< ERROR!
java.lang.NullPointerException: Cannot invoke "fr.ufrsciencestech.view.SpecialBasketDlg.dispose()" because "this.specialBasketDlg" is null
	at fr.ufrsciencestech.view.SpecialBasketDlgTest.tearDown(SpecialBasketDlgTest.java:38)

testCheckboxSelection(fr.ufrsciencestech.view.SpecialBasketDlgTest)  Time elapsed: 0 s  <<< ERROR!
java.lang.Error: 
Unresolved compilation problem: 
	References to interface static methods are allowed only at source level 1.8 or above

	at fr.ufrsciencestech.view.SpecialBasketDlgTest.setUp(SpecialBasketDlgTest.java:31)

testCheckboxSelection(fr.ufrsciencestech.view.SpecialBasketDlgTest)  Time elapsed: 0.001 s  <<< ERROR!
java.lang.NullPointerException: Cannot invoke "fr.ufrsciencestech.view.SpecialBasketDlg.dispose()" because "this.specialBasketDlg" is null
	at fr.ufrsciencestech.view.SpecialBasketDlgTest.tearDown(SpecialBasketDlgTest.java:38)

