<?xml version="1.0" encoding="UTF-8"?>
<testsuite xmlns:xsi="http://www.w3.org/2001/XMLSchema-instance" xsi:noNamespaceSchemaLocation="https://maven.apache.org/surefire/maven-surefire-plugin/xsd/surefire-test-report.xsd" name="fr.ufrsciencestech.model.ModeleTest" time="0.056" tests="7" errors="0" skipped="0" failures="2">
  <properties>
[...]
</properties>
  <testcase name="testReset" classname="fr.ufrsciencestech.model.ModeleTest" time="0.005"/>
  <testcase name="testSetCompteur" classname="fr.ufrsciencestech.model.ModeleTest" time="0"/>
  <testcase name="testSetPanier" classname="fr.ufrsciencestech.model.ModeleTest" time="0.002"/>
  <testcase name="testGetPanier" classname="fr.ufrsciencestech.model.ModeleTest" time="0.001"/>
  <testcase name="testSetInfo" classname="fr.ufrsciencestech.model.ModeleTest" time="0.008">
    <failure message="expected:&lt;...us n&apos;avez sélectionn[é] aucun pays !!!&gt; but was:&lt;...us n&apos;avez sélectionn[er] aucun pays !!!&gt;" type="junit.framework.ComparisonFailure"><![CDATA[junit.framework.ComparisonFailure: expected:<...us n'avez sélectionn[é] aucun pays !!!> but was:<...us n'avez sélectionn[er] aucun pays !!!>
	at fr.ufrsciencestech.model.ModeleTest.testSetInfo(ModeleTest.java:69)
]]></failure>
  </testcase>
  <testcase name="testUpdate" classname="fr.ufrsciencestech.model.ModeleTest" time="0"/>
  <testcase name="testGetPanierList" classname="fr.ufrsciencestech.model.ModeleTest" time="0.004">
    <failure message="expected:&lt;0&gt; but was:&lt;12&gt;" type="junit.framework.AssertionFailedError"><![CDATA[junit.framework.AssertionFailedError: expected:<0> but was:<12>
	at fr.ufrsciencestech.model.ModeleTest.testGetPanierList(ModeleTest.java:60)
]]></failure>
  </testcase>
</testsuite>