<?xml version="1.0" encoding="UTF-8"?>
<testsuite xmlns:xsi="http://www.w3.org/2001/XMLSchema-instance" xsi:noNamespaceSchemaLocation="https://maven.apache.org/surefire/maven-surefire-plugin/xsd/surefire-test-report.xsd" name="fr.ufrsciencestech.model.ModeleTest" time="0.094" tests="11" errors="0" skipped="0" failures="0">
  <properties>
[...]
</properties>
  <testcase name="testAddObserver" classname="fr.ufrsciencestech.model.ModeleTest" time="0.011"/>
  <testcase name="testReset" classname="fr.ufrsciencestech.model.ModeleTest" time="0"/>
  <testcase name="testGetInfo" classname="fr.ufrsciencestech.model.ModeleTest" time="0"/>
  <testcase name="testSetCompteur" classname="fr.ufrsciencestech.model.ModeleTest" time="0.001"/>
  <testcase name="testGetCompteur" classname="fr.ufrsciencestech.model.ModeleTest" time="0"/>
  <testcase name="testSetPanier" classname="fr.ufrsciencestech.model.ModeleTest" time="0.005"/>
  <testcase name="testGetPanier" classname="fr.ufrsciencestech.model.ModeleTest" time="0.001"/>
  <testcase name="testSetInfo" classname="fr.ufrsciencestech.model.ModeleTest" time="0"/>
  <testcase name="testUpdate" classname="fr.ufrsciencestech.model.ModeleTest" time="0"/>
  <testcase name="testGetPanierList" classname="fr.ufrsciencestech.model.ModeleTest" time="0.004"/>
  <testcase name="testConstructor" classname="fr.ufrsciencestech.model.ModeleTest" time="0"/>
</testsuite>