<?xml version="1.0" encoding="UTF-8"?>
<testsuite xmlns:xsi="http://www.w3.org/2001/XMLSchema-instance" xsi:noNamespaceSchemaLocation="https://maven.apache.org/surefire/maven-surefire-plugin/xsd/surefire-test-report.xsd" name="fr.ufrsciencestech.controller.ControleurTest" time="0.307" tests="6" errors="6" skipped="0" failures="0">
  <properties>
[...]
</properties>
  <testcase name="testActionPerformedVide" classname="fr.ufrsciencestech.controller.ControleurTest" time="0.01">
    <error message="Cannot invoke &quot;fr.ufrsciencestech.model.Modele.getPanier()&quot; because &quot;this.m&quot; is null" type="java.lang.NullPointerException">java.lang.NullPointerException: Cannot invoke "fr.ufrsciencestech.model.Modele.getPanier()" because "this.m" is null
	at fr.ufrsciencestech.controller.ControleurTest.testActionPerformedVide(ControleurTest.java:76)
</error>
    <system-out><![CDATA[actionPerformedVide
]]></system-out>
  </testcase>
  <testcase name="testActionPerformed" classname="fr.ufrsciencestech.controller.ControleurTest" time="0.018">
    <error message="Cannot invoke &quot;fr.ufrsciencestech.view.VueGraphSwing.getSelectedPanierItem()&quot; because &quot;this.vue&quot; is null" type="java.lang.NullPointerException">java.lang.NullPointerException: Cannot invoke "fr.ufrsciencestech.view.VueGraphSwing.getSelectedPanierItem()" because "this.vue" is null
	at fr.ufrsciencestech.controller.ControleurTest.testActionPerformed(ControleurTest.java:45)
</error>
    <system-out><![CDATA[actionPerformed
]]></system-out>
  </testcase>
  <testcase name="testAddWithInvalidFruit" classname="fr.ufrsciencestech.controller.ControleurTest" time="0.05">
    <error message="Cannot invoke &quot;fr.ufrsciencestech.model.Modele.getPanierList()&quot; because &quot;this.m&quot; is null" type="java.lang.NullPointerException">java.lang.NullPointerException: Cannot invoke "fr.ufrsciencestech.model.Modele.getPanierList()" because "this.m" is null
	at fr.ufrsciencestech.controller.ControleurTest.testAddWithInvalidFruit(ControleurTest.java:106)
</error>
  </testcase>
  <testcase name="testActionPerformedSet" classname="fr.ufrsciencestech.controller.ControleurTest" time="0.066">
    <error message="Cannot invoke &quot;fr.ufrsciencestech.view.VueGraphSwing.getSelectedPanierItem()&quot; because &quot;this.vue&quot; is null" type="java.lang.NullPointerException">java.lang.NullPointerException: Cannot invoke "fr.ufrsciencestech.view.VueGraphSwing.getSelectedPanierItem()" because "this.vue" is null
	at fr.ufrsciencestech.controller.ControleurTest.testActionPerformedSet(ControleurTest.java:61)
</error>
    <system-out><![CDATA[actionPerformedSet
]]></system-out>
  </testcase>
  <testcase name="testSetModele" classname="fr.ufrsciencestech.controller.ControleurTest" time="0.056">
    <error message="Cannot invoke &quot;fr.ufrsciencestech.view.VueGraphSwing.getSelectedPanierItem()&quot; because &quot;this.vue&quot; is null" type="java.lang.NullPointerException">java.lang.NullPointerException: Cannot invoke "fr.ufrsciencestech.view.VueGraphSwing.getSelectedPanierItem()" because "this.vue" is null
	at fr.ufrsciencestech.controller.ControleurTest.testSetModele(ControleurTest.java:87)
</error>
    <system-out><![CDATA[setModele
]]></system-out>
  </testcase>
  <testcase name="testAddWithValidFruit" classname="fr.ufrsciencestech.controller.ControleurTest" time="0.106">
    <error message="Cannot invoke &quot;fr.ufrsciencestech.model.Modele.getPanierList()&quot; because &quot;this.m&quot; is null" type="java.lang.NullPointerException">java.lang.NullPointerException: Cannot invoke "fr.ufrsciencestech.model.Modele.getPanierList()" because "this.m" is null
	at fr.ufrsciencestech.controller.ControleurTest.testAddWithValidFruit(ControleurTest.java:95)
</error>
  </testcase>
</testsuite>