<?xml version="1.0" encoding="UTF-8"?>
<testsuite xmlns:xsi="http://www.w3.org/2001/XMLSchema-instance" xsi:noNamespaceSchemaLocation="https://maven.apache.org/surefire/maven-surefire-plugin/xsd/surefire-test-report.xsd" name="fr.ufrsciencestech.utils.PanierTest" time="0.019" tests="10" errors="0" skipped="0" failures="0">
  <properties>
[...]
</properties>
  <testcase name="testEstVide" classname="fr.ufrsciencestech.utils.PanierTest" time="0.002"/>
  <testcase name="testGetContenanceMax" classname="fr.ufrsciencestech.utils.PanierTest" time="0"/>
  <testcase name="testEstPlein" classname="fr.ufrsciencestech.utils.PanierTest" time="0"/>
  <testcase name="testAjout" classname="fr.ufrsciencestech.utils.PanierTest" time="0"/>
  <testcase name="testRetrait" classname="fr.ufrsciencestech.utils.PanierTest" time="0"/>
  <testcase name="testSetFruits" classname="fr.ufrsciencestech.utils.PanierTest" time="0.001"/>
  <testcase name="testGetTaillePanier" classname="fr.ufrsciencestech.utils.PanierTest" time="0"/>
  <testcase name="testGetFruits" classname="fr.ufrsciencestech.utils.PanierTest" time="0"/>
  <testcase name="testEquals" classname="fr.ufrsciencestech.utils.PanierTest" time="0"/>
  <testcase name="testSetFruit" classname="fr.ufrsciencestech.utils.PanierTest" time="0"/>
</testsuite>