<?xml version="1.0" encoding="UTF-8"?>
<testsuite xmlns:xsi="http://www.w3.org/2001/XMLSchema-instance" xsi:noNamespaceSchemaLocation="https://maven.apache.org/surefire/maven-surefire-plugin/xsd/surefire-test-report.xsd" name="fr.ufrsciencestech.view.SpecialBasketDlgTest" time="0.019" tests="4" errors="4" skipped="0" failures="0">
  <properties>
[...]
</properties>
  <testcase name="testRadioSelection" classname="fr.ufrsciencestech.view.SpecialBasketDlgTest" time="0.004">
    <error message="Unresolved compilation problem: &#10;	References to interface static methods are allowed only at source level 1.8 or above&#10;" type="java.lang.Error">java.lang.Error: 
Unresolved compilation problem: 
	References to interface static methods are allowed only at source level 1.8 or above

	at fr.ufrsciencestech.view.SpecialBasketDlgTest.setUp(SpecialBasketDlgTest.java:31)
</error>
  </testcase>
  <testcase name="testRadioSelection" classname="fr.ufrsciencestech.view.SpecialBasketDlgTest" time="0.004">
    <error message="Cannot invoke &quot;fr.ufrsciencestech.view.SpecialBasketDlg.dispose()&quot; because &quot;this.specialBasketDlg&quot; is null" type="java.lang.NullPointerException">java.lang.NullPointerException: Cannot invoke "fr.ufrsciencestech.view.SpecialBasketDlg.dispose()" because "this.specialBasketDlg" is null
	at fr.ufrsciencestech.view.SpecialBasketDlgTest.tearDown(SpecialBasketDlgTest.java:38)
</error>
  </testcase>
  <testcase name="testCheckboxSelection" classname="fr.ufrsciencestech.view.SpecialBasketDlgTest" time="0">
    <error message="Unresolved compilation problem: &#10;	References to interface static methods are allowed only at source level 1.8 or above&#10;" type="java.lang.Error">java.lang.Error: 
Unresolved compilation problem: 
	References to interface static methods are allowed only at source level 1.8 or above

	at fr.ufrsciencestech.view.SpecialBasketDlgTest.setUp(SpecialBasketDlgTest.java:31)
</error>
  </testcase>
  <testcase name="testCheckboxSelection" classname="fr.ufrsciencestech.view.SpecialBasketDlgTest" time="0.001">
    <error message="Cannot invoke &quot;fr.ufrsciencestech.view.SpecialBasketDlg.dispose()&quot; because &quot;this.specialBasketDlg&quot; is null" type="java.lang.NullPointerException">java.lang.NullPointerException: Cannot invoke "fr.ufrsciencestech.view.SpecialBasketDlg.dispose()" because "this.specialBasketDlg" is null
	at fr.ufrsciencestech.view.SpecialBasketDlgTest.tearDown(SpecialBasketDlgTest.java:38)
</error>
  </testcase>
</testsuite>