<?xml version="1.0" encoding="UTF-8"?>
<testsuite xmlns:xsi="http://www.w3.org/2001/XMLSchema-instance" xsi:noNamespaceSchemaLocation="https://maven.apache.org/surefire/maven-surefire-plugin/xsd/surefire-test-report.xsd" name="fr.ufrsciencestech.view.SpecialBasketDlgTest" time="0.122" tests="2" errors="2" skipped="0" failures="0">
  <properties>
[...]
</properties>
  <testcase name="testGetSelectedFruitsFromCheckbox" classname="fr.ufrsciencestech.view.SpecialBasketDlgTest" time="0.101">
    <error message="rows and cols cannot both be zero" type="java.lang.IllegalArgumentException">java.lang.IllegalArgumentException: rows and cols cannot both be zero
	at fr.ufrsciencestech.view.SpecialBasketDlgTest.setUp(SpecialBasketDlgTest.java:34)
</error>
  </testcase>
  <testcase name="testGetSelectedFruitFromRadio" classname="fr.ufrsciencestech.view.SpecialBasketDlgTest" time="0.003">
    <error message="rows and cols cannot both be zero" type="java.lang.IllegalArgumentException">java.lang.IllegalArgumentException: rows and cols cannot both be zero
	at fr.ufrsciencestech.view.SpecialBasketDlgTest.setUp(SpecialBasketDlgTest.java:34)
</error>
  </testcase>
</testsuite>