<?xml version="1.0" encoding="UTF-8"?>
<testsuite xmlns:xsi="http://www.w3.org/2001/XMLSchema-instance" xsi:noNamespaceSchemaLocation="https://maven.apache.org/surefire/maven-surefire-plugin/xsd/surefire-test-report.xsd" name="fr.ufrsciencestech.panier.SimpleFruitTest" time="0.004" tests="4" errors="0" skipped="0" failures="0">
  <properties>
[...]
</properties>
  <testcase name="testGetOrigine" classname="fr.ufrsciencestech.panier.SimpleFruitTest" time="0"/>
  <testcase name="testSetPrixPositif" classname="fr.ufrsciencestech.panier.SimpleFruitTest" time="0"/>
  <testcase name="testGetPrix" classname="fr.ufrsciencestech.panier.SimpleFruitTest" time="0"/>
  <testcase name="testSetPrixNegatif" classname="fr.ufrsciencestech.panier.SimpleFruitTest" time="0.002"/>
</testsuite>