<?xml version="1.0" encoding="UTF-8"?>
<testsuite xmlns:xsi="http://www.w3.org/2001/XMLSchema-instance" xsi:noNamespaceSchemaLocation="https://maven.apache.org/surefire/maven-surefire-plugin/xsd/surefire-test-report.xsd" name="fr.ufrsciencestech.panier.MangueTest" time="0" tests="5" errors="1" skipped="0" failures="0">
  <properties>
[...]
</properties>
  <testcase name="testToString" classname="fr.ufrsciencestech.panier.MangueTest" time="0"/>
  <testcase name="testGetOrigine" classname="fr.ufrsciencestech.panier.MangueTest" time="0"/>
  <testcase name="testIsSeedless" classname="fr.ufrsciencestech.panier.MangueTest" time="0"/>
  <testcase name="testGetPrix" classname="fr.ufrsciencestech.panier.MangueTest" time="0"/>
  <testcase name="testEquals" classname="fr.ufrsciencestech.panier.MangueTest" time="0">
    <error message="class fr.ufrsciencestech.panier.Mangue cannot be cast to class fr.ufrsciencestech.panier.Banane (fr.ufrsciencestech.panier.Mangue and fr.ufrsciencestech.panier.Banane are in unnamed module of loader &apos;app&apos;)" type="java.lang.ClassCastException">java.lang.ClassCastException: class fr.ufrsciencestech.panier.Mangue cannot be cast to class fr.ufrsciencestech.panier.Banane (fr.ufrsciencestech.panier.Mangue and fr.ufrsciencestech.panier.Banane are in unnamed module of loader 'app')
	at fr.ufrsciencestech.panier.MangueTest.testEquals(MangueTest.java:48)
</error>
  </testcase>
</testsuite>